<?xml version="1.0" encoding="UTF-8"?>
<testng-results ignored="0" total="1" passed="1" failed="0" skipped="0">
  <reporter-output>
  </reporter-output>
  <suite started-at="2023-10-25T10:15:08 IST" name="Default suite" finished-at="2023-10-25T10:15:36 IST" duration-ms="28018">
    <groups>
    </groups>
    <test started-at="2023-10-25T10:15:08 IST" name="Default test" finished-at="2023-10-25T10:15:36 IST" duration-ms="28018">
      <class name="orangehrm.ProjOrangehrm">
        <test-method signature="Open()[pri:0, instance:orangehrm.ProjOrangehrm@163e4e87]" started-at="2023-10-25T10:15:08 IST" name="Open" finished-at="2023-10-25T10:15:36 IST" duration-ms="27947" status="PASS">
          <reporter-output>
          </reporter-output>
        </test-method> <!-- Open -->
      </class> <!-- orangehrm.ProjOrangehrm -->
    </test> <!-- Default test -->
  </suite> <!-- Default suite -->
</testng-results>
